******************************
******************************
Raven Companion 3.00.01.05
DeviceId: R38H704DQCM
Time (UTC): 2021-10-25T04:00:00
Time (local): 2021.10.25 00:00:00
Process ID: 9621
Log Path:  /storage/emulated/0/Android/data/com.addsys.ravenrc/files/Documents/Raven Companion-2021-10-25.log
Android OS Info:
  RELEASE.......8.0.0
  BOARD.........msm8996
  BOOTLOADER....G930VVRSBCTC1
  BRAND.........Verizon
  CPU_ABI.......arm64-v8a
  CPU_ABI2......
  DEVICE........heroqltevzw
  DISPLAY.......R16NW.G930VVRSBCTC1
  FINGERPRINT...Verizon/heroqltevzw/heroqltevzw:8.0.0/R16NW/G930VVRSBCTC1:user/release-keys
  HARDWARE......qcom
  HOST..........SWDH7010
  ID............R16NW
  MANUFACTURER..samsung
  MODEL.........SM-G930V
  PRODUCT.......heroqltevzw
  TAGS..........release-keys
  TYPE..........user
  USER..........dpi
10-25 08:11:23.723 9621 D OnFFSiteFragment: onResume()
10-25 08:11:23.843 9621 D OnFFSiteFragment: onResume - calling setUI()
10-25 08:11:23.845 9621 D OnFFSiteFragment: Entering setUI()
10-25 08:11:24.049 9621 D OnFFSiteFragment: Setting connStatusItem status_network
10-25 08:11:24.049 9621 D OnFFSiteFragment: Leaving setUI()
10-25 08:11:24.672 9621 D CMS: Received NETWORK_STATE_CHANGED_ACTION
10-25 08:11:24.846 17097 D CMS: Checking connection status
10-25 08:11:24.847 17097 D LANCE: App SDK Int is >= 28 sending wifiInfo from NetworkUtility
10-25 08:11:24.854 17097 D CMS: SSID:"00635"  Rssi(dBm):-85
10-25 08:11:24.855 17097 D CMS: IP:10.67.247.173
10-25 08:11:25.071 17097 D GetMessageURL: http://10.67.247.160:5500/RavenCompanionApi/RCMessage
10-25 08:11:25.075 17097 D SND: Sending VERIFY_APPLICATION_STATE
10-25 08:11:25.142 17103 D LANCE: App SDK Int is >= 28 sending wifiInfo from NetworkUtility
10-25 08:11:25.216 17103 D WIFI: SSID:"00635"  Signal:-85  IP:-1376304374
10-25 08:11:25.217 17103 D WIFI: connectStatus: [NO_API_RESPONSE]  SSID: "00635"  Rssi: -85  myIp: 10.67.247.173  error: [Error: Timeout error.]
