******************************
******************************
Raven Companion 3.00.01.05
DeviceId: R38H704DQCM
Time (UTC): 2021-10-24T04:00:45
Time (local): 2021.10.24 00:00:45
Process ID: 9621
Log Path:  /storage/emulated/0/Android/data/com.addsys.ravenrc/files/Documents/Raven Companion-2021-10-24.log
Android OS Info:
  RELEASE.......8.0.0
  BOARD.........msm8996
  BOOTLOADER....G930VVRSBCTC1
  BRAND.........Verizon
  CPU_ABI.......arm64-v8a
  CPU_ABI2......
  DEVICE........heroqltevzw
  DISPLAY.......R16NW.G930VVRSBCTC1
  FINGERPRINT...Verizon/heroqltevzw/heroqltevzw:8.0.0/R16NW/G930VVRSBCTC1:user/release-keys
  HARDWARE......qcom
  HOST..........SWDH7010
  ID............R16NW
  MANUFACTURER..samsung
  MODEL.........SM-G930V
  PRODUCT.......heroqltevzw
  TAGS..........release-keys
  TYPE..........user
  USER..........dpi
10-24 09:53:05.999 9621 D V2-RavenConnectivity: BroadcastReceiver onReceive() - android.net.wifi.STATE_CHANGE
10-24 09:53:06.010 9621 D V2-RavenConnectivity: "00635"
10-24 09:53:06.011 9621 D V2-RavenConnectivity: NetInfo.isAvailable - <true>
10-24 09:53:06.012 9621 D V2-RavenConnectivity: NetInfo.isConnected - <true>
10-24 09:53:06.012 9621 D V2-RavenConnectivity: Wifi SSID <00635>
10-24 09:53:06.013 9621 D NetworkUtility: unbinding process to network
10-24 09:53:06.017 9621 D NetworkUtility: binding process to Wifi network "00635"
10-24 09:53:06.033 9621 D V2-RavenConnectivity: Broadcast Receiver - Connected
10-24 21:24:19.263 9621 D V2-RavenConnectivity: BroadcastReceiver onReceive() - android.net.wifi.STATE_CHANGE
10-24 21:24:19.286 9621 D V2-RavenConnectivity: "00635"
10-24 21:24:19.289 9621 D V2-RavenConnectivity: NetInfo.isAvailable - <true>
10-24 21:24:19.291 9621 D V2-RavenConnectivity: NetInfo.isConnected - <true>
10-24 21:24:19.292 9621 D V2-RavenConnectivity: Wifi SSID <00635>
10-24 21:24:19.293 9621 D NetworkUtility: unbinding process to network
10-24 21:24:19.396 9621 D NetworkUtility: binding process to Wifi network "00635"
10-24 21:24:19.412 9621 D V2-RavenConnectivity: Broadcast Receiver - Connected
