******************************
******************************
Raven Companion 3.00.01.05
DeviceId: R38H704DQCM
Time (UTC): 2021-10-23T04:00:27
Time (local): 2021.10.23 00:00:27
Process ID: 9621
Log Path:  /storage/emulated/0/Android/data/com.addsys.ravenrc/files/Documents/Raven Companion-2021-10-23.log
Android OS Info:
  RELEASE.......8.0.0
  BOARD.........msm8996
  BOOTLOADER....G930VVRSBCTC1
  BRAND.........Verizon
  CPU_ABI.......arm64-v8a
  CPU_ABI2......
  DEVICE........heroqltevzw
  DISPLAY.......R16NW.G930VVRSBCTC1
  FINGERPRINT...Verizon/heroqltevzw/heroqltevzw:8.0.0/R16NW/G930VVRSBCTC1:user/release-keys
  HARDWARE......qcom
  HOST..........SWDH7010
  ID............R16NW
  MANUFACTURER..samsung
  MODEL.........SM-G930V
  PRODUCT.......heroqltevzw
  TAGS..........release-keys
  TYPE..........user
  USER..........dpi
10-23 10:50:40.551 9621 D V2-RavenConnectivity: BroadcastReceiver onReceive() - android.net.wifi.STATE_CHANGE
10-23 10:50:40.577 9621 D V2-RavenConnectivity: "00635"
10-23 10:50:40.580 9621 D V2-RavenConnectivity: NetInfo.isAvailable - <true>
10-23 10:50:40.581 9621 D V2-RavenConnectivity: NetInfo.isConnected - <true>
10-23 10:50:40.581 9621 D V2-RavenConnectivity: Wifi SSID <00635>
10-23 10:50:40.605 9621 D NetworkUtility: unbinding process to network
10-23 10:50:40.607 9621 D NetworkUtility: binding process to Wifi network "00635"
10-23 10:50:40.618 9621 D V2-RavenConnectivity: Broadcast Receiver - Connected
10-23 22:21:53.348 9621 D V2-RavenConnectivity: BroadcastReceiver onReceive() - android.net.wifi.STATE_CHANGE
10-23 22:21:53.363 9621 D V2-RavenConnectivity: "00635"
10-23 22:21:53.364 9621 D V2-RavenConnectivity: NetInfo.isAvailable - <true>
10-23 22:21:53.369 9621 D V2-RavenConnectivity: NetInfo.isConnected - <true>
10-23 22:21:53.369 9621 D V2-RavenConnectivity: Wifi SSID <00635>
10-23 22:21:53.370 9621 D NetworkUtility: unbinding process to network
10-23 22:21:53.374 9621 D NetworkUtility: binding process to Wifi network "00635"
10-23 22:21:53.389 9621 D V2-RavenConnectivity: Broadcast Receiver - Connected
