******************************
******************************
Raven Companion 3.00.01.05
DeviceId: R38H704DQCM
Time (UTC): 2021-10-19T04:00:00
Time (local): 2021.10.19 00:00:00
Process ID: 9621
Log Path:  /storage/emulated/0/Android/data/com.addsys.ravenrc/files/Documents/Raven Companion-2021-10-19.log
Android OS Info:
  RELEASE.......8.0.0
  BOARD.........msm8996
  BOOTLOADER....G930VVRSBCTC1
  BRAND.........Verizon
  CPU_ABI.......arm64-v8a
  CPU_ABI2......
  DEVICE........heroqltevzw
  DISPLAY.......R16NW.G930VVRSBCTC1
  FINGERPRINT...Verizon/heroqltevzw/heroqltevzw:8.0.0/R16NW/G930VVRSBCTC1:user/release-keys
  HARDWARE......qcom
  HOST..........SWDH7010
  ID............R16NW
  MANUFACTURER..samsung
  MODEL.........SM-G930V
  PRODUCT.......heroqltevzw
  TAGS..........release-keys
  TYPE..........user
  USER..........dpi
10-19 07:43:32.833 9621 D V2-RavenConnectivity: BroadcastReceiver onReceive() - android.net.wifi.STATE_CHANGE
10-19 07:43:32.844 9621 D V2-RavenConnectivity: "00635"
10-19 07:43:32.846 9621 D V2-RavenConnectivity: NetInfo.isAvailable - <true>
10-19 07:43:32.847 9621 D V2-RavenConnectivity: NetInfo.isConnected - <true>
10-19 07:43:32.849 9621 D V2-RavenConnectivity: Wifi SSID <00635>
10-19 07:43:32.850 9621 D NetworkUtility: unbinding process to network
10-19 07:43:32.868 9621 D NetworkUtility: binding process to Wifi network "00635"
10-19 07:43:32.917 9621 D V2-RavenConnectivity: Broadcast Receiver - Connected
10-19 19:14:46.753 9621 D V2-RavenConnectivity: BroadcastReceiver onReceive() - android.net.wifi.STATE_CHANGE
10-19 19:14:46.790 9621 D V2-RavenConnectivity: "00635"
10-19 19:14:46.797 9621 D V2-RavenConnectivity: NetInfo.isAvailable - <true>
10-19 19:14:46.798 9621 D V2-RavenConnectivity: NetInfo.isConnected - <true>
10-19 19:14:46.799 9621 D V2-RavenConnectivity: Wifi SSID <00635>
10-19 19:14:46.800 9621 D NetworkUtility: unbinding process to network
10-19 19:14:46.805 9621 D NetworkUtility: binding process to Wifi network "00635"
10-19 19:14:46.822 9621 D V2-RavenConnectivity: Broadcast Receiver - Connected
